<?xml version="1.0" encoding="UTF-8"?>
<testng-results ignored="0" total="1" passed="1" failed="0" skipped="0">
  <reporter-output>
  </reporter-output>
  <suite started-at="2024-05-12T03:08:57 IST" name="Default suite" finished-at="2024-05-12T03:09:23 IST" duration-ms="25336">
    <groups>
    </groups>
    <test started-at="2024-05-12T03:08:57 IST" name="Default test" finished-at="2024-05-12T03:09:23 IST" duration-ms="25336">
      <class name="org.test_scripts.verifyCustomerCreation">
        <test-method is-config="true" signature="init()[pri:0, instance:org.test_scripts.verifyCustomerCreation@73eb439a]" started-at="2024-05-12T03:08:57 IST" name="init" finished-at="2024-05-12T03:09:01 IST" duration-ms="3549" status="PASS">
          <reporter-output>
          </reporter-output>
        </test-method> <!-- init -->
        <test-method signature="createCustomer()[pri:0, instance:org.test_scripts.verifyCustomerCreation@73eb439a]" started-at="2024-05-12T03:09:01 IST" name="createCustomer" finished-at="2024-05-12T03:09:23 IST" duration-ms="21736" status="PASS">
          <reporter-output>
          </reporter-output>
        </test-method> <!-- createCustomer -->
      </class> <!-- org.test_scripts.verifyCustomerCreation -->
    </test> <!-- Default test -->
  </suite> <!-- Default suite -->
</testng-results>
